<?xml version="1.0" encoding="UTF-8"?>
<!-- Generated by org.testng.reporters.JUnitReportReporter -->
<testsuite hostname="Neupane-PC" name="testRunner.TC_TwoInputField" tests="1" failures="0" timestamp="10 May 2018 20:24:46 GMT" time="14.910" errors="0">
  <testcase name="tc_twoInputFields" time="14.910" classname="testRunner.TC_TwoInputField"/>
</testsuite> <!-- testRunner.TC_TwoInputField -->
