<?xml version="1.0" encoding="UTF-8"?>
<!-- Generated by org.testng.reporters.JUnitReportReporter -->
<testsuite hostname="Neupane-PC" name="testRunner.TC_TwoInputField" tests="1" failures="0" timestamp="6 Jun 2018 00:42:03 GMT" time="5.545" errors="0">
  <testcase name="tc_twoInputFields" time="5.545" classname="testRunner.TC_TwoInputField"/>
</testsuite> <!-- testRunner.TC_TwoInputField -->
