<?xml version="1.0" encoding="UTF-8"?>
<!-- Generated by org.testng.reporters.JUnitReportReporter -->
<testsuite hostname="Neupane-PC" name="testRunner.SC_ClickingButtonOnHomepage" tests="1" failures="0" timestamp="6 Jun 2018 00:42:03 GMT" time="15.185" errors="0">
  <testcase name="tc_clickingBankingButton" time="15.185" classname="testRunner.SC_ClickingButtonOnHomepage"/>
</testsuite> <!-- testRunner.SC_ClickingButtonOnHomepage -->
