<?xml version="1.0" encoding="UTF-8"?>
<!-- Generated by org.testng.reporters.JUnitReportReporter -->
<testsuite hostname="Neupane-PC" name="testRunner.SC_ClickingButtonOnHomepage" tests="1" failures="0" timestamp="9 May 2018 15:11:08 GMT" time="14.185" errors="0">
  <testcase name="tc_clickingBankingButton" time="14.185" classname="testRunner.SC_ClickingButtonOnHomepage"/>
</testsuite> <!-- testRunner.SC_ClickingButtonOnHomepage -->
