<?xml version="1.0" encoding="UTF-8"?>
<!-- Generated by org.testng.reporters.JUnitReportReporter -->
<testsuite hostname="Neupane-PC" name="testRunner.TC_CheckBox1" tests="3" failures="0" timestamp="6 Jun 2018 00:42:03 GMT" time="14.730" errors="0">
  <testcase name="tc_singleCheckBox" time="4.937" classname="testRunner.TC_CheckBox1"/>
  <testcase name="tc_MultipleCheckBox_Checked" time="5.012" classname="testRunner.TC_CheckBox1"/>
  <testcase name="tc_MultipleCheckBox_Unchecked" time="4.781" classname="testRunner.TC_CheckBox1"/>
</testsuite> <!-- testRunner.TC_CheckBox1 -->
