<?xml version="1.0" encoding="UTF-8"?>
<!-- Generated by org.testng.reporters.JUnitReportReporter -->
<testsuite hostname="Neupane-PC" name="testRunner.TC_CheckBox1" tests="3" failures="0" timestamp="16 May 2018 21:26:05 GMT" time="21.733" errors="0">
  <testcase name="tc_MultipleCheckBox_Unchecked" time="6.019" classname="testRunner.TC_CheckBox1"/>
  <testcase name="tc_singleCheckBox" time="5.555" classname="testRunner.TC_CheckBox1"/>
  <testcase name="tc_MultipleCheckBox_Checked" time="10.159" classname="testRunner.TC_CheckBox1"/>
</testsuite> <!-- testRunner.TC_CheckBox1 -->
