<?xml version="1.0" encoding="UTF-8"?>
<!-- Generated by org.testng.reporters.JUnitReportReporter -->
<testsuite hostname="Neupane-PC" name="testRunner.TC_SingleInputField" tests="1" failures="0" timestamp="10 May 2018 20:57:51 GMT" time="13.109" errors="0">
  <testcase name="tc_SingleInputField" time="13.109" classname="testRunner.TC_SingleInputField"/>
</testsuite> <!-- testRunner.TC_SingleInputField -->
