<?xml version="1.0" encoding="UTF-8"?>
<!-- Generated by org.testng.reporters.JUnitReportReporter -->
<testsuite hostname="Neupane-PC" name="testRunner.SC_ClickingLendingHomeButton" tests="1" failures="0" timestamp="6 Jun 2018 00:42:03 GMT" time="7.620" errors="0">
  <testcase name="tc_clickingLendingButton" time="7.620" classname="testRunner.SC_ClickingLendingHomeButton"/>
</testsuite> <!-- testRunner.SC_ClickingLendingHomeButton -->
