<?xml version="1.0" encoding="UTF-8"?>
<!-- Generated by org.testng.reporters.JUnitReportReporter -->
<testsuite hostname="Neupane-PC" name="testRunner.TC_SingleInputField" tests="1" failures="0" timestamp="6 Jun 2018 00:42:03 GMT" time="6.373" errors="0">
  <testcase name="tc_SingleInputField" time="6.373" classname="testRunner.TC_SingleInputField"/>
</testsuite> <!-- testRunner.TC_SingleInputField -->
