<?xml version="1.0" encoding="UTF-8"?>
<!-- Generated by org.testng.reporters.JUnitReportReporter -->
<testsuite hostname="Neupane-PC" name="testRunner.SC_ClickingLendingHomeButton" tests="1" failures="0" timestamp="9 May 2018 15:11:08 GMT" time="8.552" errors="0">
  <testcase name="tc_clickingLendingButton" time="8.552" classname="testRunner.SC_ClickingLendingHomeButton"/>
</testsuite> <!-- testRunner.SC_ClickingLendingHomeButton -->
